<?xml version="1.0" encoding="UTF-8"?>
<testng-results ignored="0" total="1" passed="1" failed="0" skipped="0">
  <reporter-output>
  </reporter-output>
  <suite started-at="2023-01-09T18:15:14 IST" name="Default suite" finished-at="2023-01-09T18:16:00 IST" duration-ms="46047">
    <groups>
    </groups>
    <test started-at="2023-01-09T18:15:14 IST" name="Default test" finished-at="2023-01-09T18:16:00 IST" duration-ms="46047">
      <class name="com.Tests.Test1">
        <test-method is-config="true" signature="LaunchApp()[pri:0, instance:com.Tests.Test1@71238fc2]" started-at="2023-01-09T18:15:14 IST" name="LaunchApp" finished-at="2023-01-09T18:15:18 IST" duration-ms="4280" status="PASS">
          <reporter-output>
          </reporter-output>
        </test-method> <!-- LaunchApp -->
        <test-method signature="verifyLoggedInUsername()[pri:0, instance:com.Tests.Test1@71238fc2]" started-at="2023-01-09T18:15:18 IST" name="verifyLoggedInUsername" finished-at="2023-01-09T18:16:00 IST" duration-ms="41305" status="PASS">
          <reporter-output>
          </reporter-output>
        </test-method> <!-- verifyLoggedInUsername -->
        <test-method is-config="true" signature="tearDown()[pri:0, instance:com.Tests.Test1@71238fc2]" started-at="2023-01-09T18:16:00 IST" name="tearDown" finished-at="2023-01-09T18:16:00 IST" duration-ms="435" status="PASS">
          <reporter-output>
          </reporter-output>
        </test-method> <!-- tearDown -->
      </class> <!-- com.Tests.Test1 -->
    </test> <!-- Default test -->
  </suite> <!-- Default suite -->
</testng-results>
